[debug] [2023-05-17T21:22:31.098Z] ----------------------------------------------------------------------
[debug] [2023-05-17T21:22:31.100Z] Command:       C:\Program Files\nodejs\node.exe C:\Users\willi\AppData\Roaming\npm\node_modules\firebase-tools\lib\bin\firebase.js emulators:start
[debug] [2023-05-17T21:22:31.101Z] CLI Version:   12.0.1
[debug] [2023-05-17T21:22:31.101Z] Platform:      win32
[debug] [2023-05-17T21:22:31.101Z] Node Version:  v18.16.0
[debug] [2023-05-17T21:22:31.102Z] Time:          Wed May 17 2023 23:22:31 GMT+0200 (heure d’été d’Europe centrale)
[debug] [2023-05-17T21:22:31.102Z] ----------------------------------------------------------------------
[debug] 
[debug] [2023-05-17T21:22:31.232Z] > command requires scopes: ["email","openid","https://www.googleapis.com/auth/cloudplatformprojects.readonly","https://www.googleapis.com/auth/firebase","https://www.googleapis.com/auth/cloud-platform"]
[debug] [2023-05-17T21:22:31.233Z] > authorizing via signed-in user (william.kwan@epfl.ch)
[debug] [2023-05-17T21:22:31.504Z] java version "17.0.5" 2022-10-18 LTS

[debug] [2023-05-17T21:22:31.504Z] Java(TM) SE Runtime Environment (build 17.0.5+9-LTS-191)
Java HotSpot(TM) 64-Bit Server VM (build 17.0.5+9-LTS-191, mixed mode, sharing)

[debug] [2023-05-17T21:22:31.526Z] Parsed Java major version: 17
[info] i  emulators: Starting emulators: database {"metadata":{"emulator":{"name":"hub"},"message":"Starting emulators: database"}}
[debug] [2023-05-17T21:22:31.538Z] [logging] Logging Emulator only supports listening on one address (127.0.0.1). Not listening on ::1
[debug] [2023-05-17T21:22:31.538Z] [database] Database Emulator only supports listening on one address (127.0.0.1). Not listening on ::1
[debug] [2023-05-17T21:22:31.538Z] assigned listening specs for emulators {"user":{"hub":[{"address":"127.0.0.1","family":"IPv4","port":4400},{"address":"::1","family":"IPv6","port":4400}],"ui":[{"address":"127.0.0.1","family":"IPv4","port":4000},{"address":"::1","family":"IPv6","port":4000}],"logging":[{"address":"127.0.0.1","family":"IPv4","port":4500}],"database":[{"address":"127.0.0.1","family":"IPv4","port":9000}]},"metadata":{"message":"assigned listening specs for emulators"}}
[debug] [2023-05-17T21:22:31.554Z] [hub] writing locator at C:\Users\willi\AppData\Local\Temp\hub-tarjetakuna-database.json
[debug] [2023-05-17T21:22:31.562Z] >>> [apiv2][query] GET https://firebase.googleapis.com/v1beta1/projects/tarjetakuna-database [none]
[debug] [2023-05-17T21:22:31.850Z] <<< [apiv2][status] GET https://firebase.googleapis.com/v1beta1/projects/tarjetakuna-database 200
[debug] [2023-05-17T21:22:31.850Z] <<< [apiv2][body] GET https://firebase.googleapis.com/v1beta1/projects/tarjetakuna-database {"projectId":"tarjetakuna-database","projectNumber":"1007028555187","displayName":"Tarjetakuna-Database","name":"projects/tarjetakuna-database","resources":{"hostingSite":"tarjetakuna-database","realtimeDatabaseInstance":"tarjetakuna-database-default-rtdb"},"state":"ACTIVE","etag":"1_e6888a23-682e-4bd0-9964-bcaf32340065"}
[debug] [2023-05-17T21:22:31.850Z] database rules config:  [{"instance":"tarjetakuna-database-default-rtdb","rules":"C:\\Users\\willi\\Documents\\BA6\\SDP\\Projet\\database.rules.json"}]
[info] i  database: downloading firebase-database-emulator-v4.11.0.jar... {"metadata":{"emulator":{"name":"database"},"message":"downloading firebase-database-emulator-v4.11.0.jar..."}}
[debug] [2023-05-17T21:22:31.861Z] >>> [apiv2][query] GET https://storage.googleapis.com/firebase-preview-drop/emulator/firebase-database-emulator-v4.11.0.jar 
[debug] [2023-05-17T21:22:32.213Z] <<< [apiv2][status] GET https://storage.googleapis.com/firebase-preview-drop/emulator/firebase-database-emulator-v4.11.0.jar 200
[debug] [2023-05-17T21:22:32.213Z] <<< [apiv2][body] GET https://storage.googleapis.com/firebase-preview-drop/emulator/firebase-database-emulator-v4.11.0.jar [stream]
[debug] [2023-05-17T21:22:33.726Z] Ignoring unsupported arg: projectId {"metadata":{"emulator":{"name":"database"},"message":"Ignoring unsupported arg: projectId"}}
[debug] [2023-05-17T21:22:33.726Z] Ignoring unsupported arg: auto_download {"metadata":{"emulator":{"name":"database"},"message":"Ignoring unsupported arg: auto_download"}}
[debug] [2023-05-17T21:22:33.726Z] Ignoring unsupported arg: rules {"metadata":{"emulator":{"name":"database"},"message":"Ignoring unsupported arg: rules"}}
[debug] [2023-05-17T21:22:33.726Z] Starting Database Emulator with command {"binary":"java","args":["-Duser.language=en","-jar","C:\\Users\\willi\\.cache\\firebase\\emulators\\firebase-database-emulator-v4.11.0.jar","--host","127.0.0.1","--port",9000,"--single_project_mode","Warning"],"optionalArgs":["port","host","functions_emulator_port","functions_emulator_host","single_project_mode"],"joinArgs":false} {"metadata":{"emulator":{"name":"database"},"message":"Starting Database Emulator with command {\"binary\":\"java\",\"args\":[\"-Duser.language=en\",\"-jar\",\"C:\\\\Users\\\\willi\\\\.cache\\\\firebase\\\\emulators\\\\firebase-database-emulator-v4.11.0.jar\",\"--host\",\"127.0.0.1\",\"--port\",9000,\"--single_project_mode\",\"Warning\"],\"optionalArgs\":[\"port\",\"host\",\"functions_emulator_port\",\"functions_emulator_host\",\"single_project_mode\"],\"joinArgs\":false}"}}
[info] i  database: Database Emulator logging to database-debug.log {"metadata":{"emulator":{"name":"database"},"message":"Database Emulator logging to \u001b[1mdatabase-debug.log\u001b[22m"}}
[info] i  ui: downloading ui-v1.11.6.zip... {"metadata":{"emulator":{"name":"ui"},"message":"downloading ui-v1.11.6.zip..."}}
[debug] [2023-05-17T21:22:35.277Z] >>> [apiv2][query] GET https://storage.googleapis.com/firebase-preview-drop/emulator/ui-v1.11.6.zip 
[debug] [2023-05-17T21:22:35.443Z] <<< [apiv2][status] GET https://storage.googleapis.com/firebase-preview-drop/emulator/ui-v1.11.6.zip 200
[debug] [2023-05-17T21:22:35.443Z] <<< [apiv2][body] GET https://storage.googleapis.com/firebase-preview-drop/emulator/ui-v1.11.6.zip [stream]
[debug] [2023-05-17T21:22:35.607Z] Data is 3063444
[debug] [2023-05-17T21:22:35.607Z] [unzip] Entry: client/ (compressed_size=0 bytes, uncompressed_size=0 bytes)
[debug] [2023-05-17T21:22:35.607Z] [unzip] Processing entry: client\
[debug] [2023-05-17T21:22:35.607Z] [unzip] mkdir: C:\Users\willi\.cache\firebase\emulators\ui-v1.11.6\client\
[debug] [2023-05-17T21:22:35.618Z] [unzip] Entry: client/favicon.ico (compressed_size=2497 bytes, uncompressed_size=7406 bytes)
[debug] [2023-05-17T21:22:35.618Z] [unzip] Processing entry: client\favicon.ico
[debug] [2023-05-17T21:22:35.619Z] [unzip] else mkdir: C:\Users\willi\.cache\firebase\emulators\ui-v1.11.6\client
[debug] [2023-05-17T21:22:35.619Z] [unzip] deflating: C:\Users\willi\.cache\firebase\emulators\ui-v1.11.6\client\favicon.ico
[debug] [2023-05-17T21:22:35.622Z] [unzip] Entry: client/apple-touch-icon.png (compressed_size=7231 bytes, uncompressed_size=7367 bytes)
[debug] [2023-05-17T21:22:35.622Z] [unzip] Processing entry: client\apple-touch-icon.png
[debug] [2023-05-17T21:22:35.622Z] [unzip] else mkdir: C:\Users\willi\.cache\firebase\emulators\ui-v1.11.6\client
[debug] [2023-05-17T21:22:35.623Z] [unzip] deflating: C:\Users\willi\.cache\firebase\emulators\ui-v1.11.6\client\apple-touch-icon.png
[debug] [2023-05-17T21:22:35.624Z] [unzip] Entry: client/android-chrome-512x512.png (compressed_size=16987 bytes, uncompressed_size=18186 bytes)
[debug] [2023-05-17T21:22:35.624Z] [unzip] Processing entry: client\android-chrome-512x512.png
[debug] [2023-05-17T21:22:35.624Z] [unzip] else mkdir: C:\Users\willi\.cache\firebase\emulators\ui-v1.11.6\client
[debug] [2023-05-17T21:22:35.624Z] [unzip] deflating: C:\Users\willi\.cache\firebase\emulators\ui-v1.11.6\client\android-chrome-512x512.png
[debug] [2023-05-17T21:22:35.626Z] [unzip] Entry: client/assets/ (compressed_size=0 bytes, uncompressed_size=0 bytes)
[debug] [2023-05-17T21:22:35.626Z] [unzip] Processing entry: client\assets\
[debug] [2023-05-17T21:22:35.626Z] [unzip] mkdir: C:\Users\willi\.cache\firebase\emulators\ui-v1.11.6\client\assets\
[debug] [2023-05-17T21:22:35.627Z] [unzip] Entry: client/assets/extensions/ (compressed_size=0 bytes, uncompressed_size=0 bytes)
[debug] [2023-05-17T21:22:35.627Z] [unzip] Processing entry: client\assets\extensions\
[debug] [2023-05-17T21:22:35.627Z] [unzip] mkdir: C:\Users\willi\.cache\firebase\emulators\ui-v1.11.6\client\assets\extensions\
[debug] [2023-05-17T21:22:35.627Z] [unzip] Entry: client/assets/extensions/default-extension.png (compressed_size=1646 bytes, uncompressed_size=1657 bytes)
[debug] [2023-05-17T21:22:35.627Z] [unzip] Processing entry: client\assets\extensions\default-extension.png
[debug] [2023-05-17T21:22:35.627Z] [unzip] else mkdir: C:\Users\willi\.cache\firebase\emulators\ui-v1.11.6\client\assets\extensions
[debug] [2023-05-17T21:22:35.627Z] [unzip] deflating: C:\Users\willi\.cache\firebase\emulators\ui-v1.11.6\client\assets\extensions\default-extension.png
[debug] [2023-05-17T21:22:35.629Z] [unzip] Entry: client/assets/index.85584c3f.js (compressed_size=526096 bytes, uncompressed_size=1859818 bytes)
[debug] [2023-05-17T21:22:35.629Z] [unzip] Processing entry: client\assets\index.85584c3f.js
[debug] [2023-05-17T21:22:35.629Z] [unzip] else mkdir: C:\Users\willi\.cache\firebase\emulators\ui-v1.11.6\client\assets
[debug] [2023-05-17T21:22:35.629Z] [unzip] deflating: C:\Users\willi\.cache\firebase\emulators\ui-v1.11.6\client\assets\index.85584c3f.js
[debug] [2023-05-17T21:22:35.638Z] [unzip] Entry: client/assets/provider-icons/ (compressed_size=0 bytes, uncompressed_size=0 bytes)
[debug] [2023-05-17T21:22:35.638Z] [unzip] Processing entry: client\assets\provider-icons\
[debug] [2023-05-17T21:22:35.638Z] [unzip] mkdir: C:\Users\willi\.cache\firebase\emulators\ui-v1.11.6\client\assets\provider-icons\
[debug] [2023-05-17T21:22:35.638Z] [unzip] Entry: client/assets/provider-icons/auth_service_oidc.svg (compressed_size=414 bytes, uncompressed_size=858 bytes)
[debug] [2023-05-17T21:22:35.638Z] [unzip] Processing entry: client\assets\provider-icons\auth_service_oidc.svg
[debug] [2023-05-17T21:22:35.638Z] [unzip] else mkdir: C:\Users\willi\.cache\firebase\emulators\ui-v1.11.6\client\assets\provider-icons
[debug] [2023-05-17T21:22:35.639Z] [unzip] deflating: C:\Users\willi\.cache\firebase\emulators\ui-v1.11.6\client\assets\provider-icons\auth_service_oidc.svg
[debug] [2023-05-17T21:22:35.640Z] [unzip] Entry: client/assets/provider-icons/auth_service_yahoo.svg (compressed_size=577 bytes, uncompressed_size=1182 bytes)
[debug] [2023-05-17T21:22:35.640Z] [unzip] Processing entry: client\assets\provider-icons\auth_service_yahoo.svg
[debug] [2023-05-17T21:22:35.640Z] [unzip] else mkdir: C:\Users\willi\.cache\firebase\emulators\ui-v1.11.6\client\assets\provider-icons
[debug] [2023-05-17T21:22:35.640Z] [unzip] deflating: C:\Users\willi\.cache\firebase\emulators\ui-v1.11.6\client\assets\provider-icons\auth_service_yahoo.svg
[debug] [2023-05-17T21:22:35.641Z] [unzip] Entry: client/assets/provider-icons/auth_service_phone.svg (compressed_size=261 bytes, uncompressed_size=414 bytes)
[debug] [2023-05-17T21:22:35.641Z] [unzip] Processing entry: client\assets\provider-icons\auth_service_phone.svg
[debug] [2023-05-17T21:22:35.641Z] [unzip] else mkdir: C:\Users\willi\.cache\firebase\emulators\ui-v1.11.6\client\assets\provider-icons
[debug] [2023-05-17T21:22:35.641Z] [unzip] deflating: C:\Users\willi\.cache\firebase\emulators\ui-v1.11.6\client\assets\provider-icons\auth_service_phone.svg
[debug] [2023-05-17T21:22:35.643Z] [unzip] Entry: client/assets/provider-icons/auth_service_saml.svg (compressed_size=575 bytes, uncompressed_size=1226 bytes)
[debug] [2023-05-17T21:22:35.643Z] [unzip] Processing entry: client\assets\provider-icons\auth_service_saml.svg
[debug] [2023-05-17T21:22:35.643Z] [unzip] else mkdir: C:\Users\willi\.cache\firebase\emulators\ui-v1.11.6\client\assets\provider-icons
[debug] [2023-05-17T21:22:35.643Z] [unzip] deflating: C:\Users\willi\.cache\firebase\emulators\ui-v1.11.6\client\assets\provider-icons\auth_service_saml.svg
[debug] [2023-05-17T21:22:35.644Z] [unzip] Entry: client/assets/provider-icons/auth_service_mslive.svg (compressed_size=203 bytes, uncompressed_size=378 bytes)
[debug] [2023-05-17T21:22:35.644Z] [unzip] Processing entry: client\assets\provider-icons\auth_service_mslive.svg
[debug] [2023-05-17T21:22:35.644Z] [unzip] else mkdir: C:\Users\willi\.cache\firebase\emulators\ui-v1.11.6\client\assets\provider-icons
[debug] [2023-05-17T21:22:35.644Z] [unzip] deflating: C:\Users\willi\.cache\firebase\emulators\ui-v1.11.6\client\assets\provider-icons\auth_service_mslive.svg
[debug] [2023-05-17T21:22:35.645Z] [unzip] Entry: client/assets/provider-icons/auth_service_facebook.svg (compressed_size=289 bytes, uncompressed_size=457 bytes)
[debug] [2023-05-17T21:22:35.646Z] [unzip] Processing entry: client\assets\provider-icons\auth_service_facebook.svg
[debug] [2023-05-17T21:22:35.646Z] [unzip] else mkdir: C:\Users\willi\.cache\firebase\emulators\ui-v1.11.6\client\assets\provider-icons
[debug] [2023-05-17T21:22:35.646Z] [unzip] deflating: C:\Users\willi\.cache\firebase\emulators\ui-v1.11.6\client\assets\provider-icons\auth_service_facebook.svg
[debug] [2023-05-17T21:22:35.647Z] [unzip] Entry: client/assets/provider-icons/auth_service_play_games.svg (compressed_size=565 bytes, uncompressed_size=1173 bytes)
[debug] [2023-05-17T21:22:35.647Z] [unzip] Processing entry: client\assets\provider-icons\auth_service_play_games.svg
[debug] [2023-05-17T21:22:35.647Z] [unzip] else mkdir: C:\Users\willi\.cache\firebase\emulators\ui-v1.11.6\client\assets\provider-icons
[debug] [2023-05-17T21:22:35.647Z] [unzip] deflating: C:\Users\willi\.cache\firebase\emulators\ui-v1.11.6\client\assets\provider-icons\auth_service_play_games.svg
[debug] [2023-05-17T21:22:35.649Z] [unzip] Entry: client/assets/provider-icons/auth_service_github.svg (compressed_size=466 bytes, uncompressed_size=838 bytes)
[debug] [2023-05-17T21:22:35.649Z] [unzip] Processing entry: client\assets\provider-icons\auth_service_github.svg
[debug] [2023-05-17T21:22:35.649Z] [unzip] else mkdir: C:\Users\willi\.cache\firebase\emulators\ui-v1.11.6\client\assets\provider-icons
[debug] [2023-05-17T21:22:35.649Z] [unzip] deflating: C:\Users\willi\.cache\firebase\emulators\ui-v1.11.6\client\assets\provider-icons\auth_service_github.svg
[debug] [2023-05-17T21:22:35.650Z] [unzip] Entry: client/assets/provider-icons/auth_service_apple.svg (compressed_size=230 bytes, uncompressed_size=334 bytes)
[debug] [2023-05-17T21:22:35.650Z] [unzip] Processing entry: client\assets\provider-icons\auth_service_apple.svg
[debug] [2023-05-17T21:22:35.650Z] [unzip] else mkdir: C:\Users\willi\.cache\firebase\emulators\ui-v1.11.6\client\assets\provider-icons
[debug] [2023-05-17T21:22:35.650Z] [unzip] deflating: C:\Users\willi\.cache\firebase\emulators\ui-v1.11.6\client\assets\provider-icons\auth_service_apple.svg
[debug] [2023-05-17T21:22:35.651Z] [unzip] Entry: client/assets/provider-icons/auth_service_google.svg (compressed_size=409 bytes, uncompressed_size=720 bytes)
[debug] [2023-05-17T21:22:35.651Z] [unzip] Processing entry: client\assets\provider-icons\auth_service_google.svg
[debug] [2023-05-17T21:22:35.651Z] [unzip] else mkdir: C:\Users\willi\.cache\firebase\emulators\ui-v1.11.6\client\assets\provider-icons
[debug] [2023-05-17T21:22:35.651Z] [unzip] deflating: C:\Users\willi\.cache\firebase\emulators\ui-v1.11.6\client\assets\provider-icons\auth_service_google.svg
[debug] [2023-05-17T21:22:35.652Z] [unzip] Entry: client/assets/provider-icons/auth_service_email.svg (compressed_size=228 bytes, uncompressed_size=326 bytes)
[debug] [2023-05-17T21:22:35.653Z] [unzip] Processing entry: client\assets\provider-icons\auth_service_email.svg
[debug] [2023-05-17T21:22:35.653Z] [unzip] else mkdir: C:\Users\willi\.cache\firebase\emulators\ui-v1.11.6\client\assets\provider-icons
[debug] [2023-05-17T21:22:35.653Z] [unzip] deflating: C:\Users\willi\.cache\firebase\emulators\ui-v1.11.6\client\assets\provider-icons\auth_service_email.svg
[debug] [2023-05-17T21:22:35.654Z] [unzip] Entry: client/assets/provider-icons/auth_service_twitter.svg (compressed_size=444 bytes, uncompressed_size=751 bytes)
[debug] [2023-05-17T21:22:35.654Z] [unzip] Processing entry: client\assets\provider-icons\auth_service_twitter.svg
[debug] [2023-05-17T21:22:35.654Z] [unzip] else mkdir: C:\Users\willi\.cache\firebase\emulators\ui-v1.11.6\client\assets\provider-icons
[debug] [2023-05-17T21:22:35.654Z] [unzip] deflating: C:\Users\willi\.cache\firebase\emulators\ui-v1.11.6\client\assets\provider-icons\auth_service_twitter.svg
[debug] [2023-05-17T21:22:35.655Z] [unzip] Entry: client/assets/provider-icons/auth_service_game_center.svg (compressed_size=991 bytes, uncompressed_size=3921 bytes)
[debug] [2023-05-17T21:22:35.655Z] [unzip] Processing entry: client\assets\provider-icons\auth_service_game_center.svg
[debug] [2023-05-17T21:22:35.655Z] [unzip] else mkdir: C:\Users\willi\.cache\firebase\emulators\ui-v1.11.6\client\assets\provider-icons
[debug] [2023-05-17T21:22:35.655Z] [unzip] deflating: C:\Users\willi\.cache\firebase\emulators\ui-v1.11.6\client\assets\provider-icons\auth_service_game_center.svg
[debug] [2023-05-17T21:22:35.656Z] [unzip] Entry: client/assets/img/ (compressed_size=0 bytes, uncompressed_size=0 bytes)
[debug] [2023-05-17T21:22:35.656Z] [unzip] Processing entry: client\assets\img\
[debug] [2023-05-17T21:22:35.656Z] [unzip] mkdir: C:\Users\willi\.cache\firebase\emulators\ui-v1.11.6\client\assets\img\
[debug] [2023-05-17T21:22:35.657Z] [unzip] Entry: client/assets/img/database.png (compressed_size=29449 bytes, uncompressed_size=29988 bytes)
[debug] [2023-05-17T21:22:35.657Z] [unzip] Processing entry: client\assets\img\database.png
[debug] [2023-05-17T21:22:35.657Z] [unzip] else mkdir: C:\Users\willi\.cache\firebase\emulators\ui-v1.11.6\client\assets\img
[debug] [2023-05-17T21:22:35.657Z] [unzip] deflating: C:\Users\willi\.cache\firebase\emulators\ui-v1.11.6\client\assets\img\database.png
[debug] [2023-05-17T21:22:35.658Z] [unzip] Entry: client/assets/index.b9383ce5.css (compressed_size=37605 bytes, uncompressed_size=321268 bytes)
[debug] [2023-05-17T21:22:35.658Z] [unzip] Processing entry: client\assets\index.b9383ce5.css
[debug] [2023-05-17T21:22:35.658Z] [unzip] else mkdir: C:\Users\willi\.cache\firebase\emulators\ui-v1.11.6\client\assets
[debug] [2023-05-17T21:22:35.659Z] [unzip] deflating: C:\Users\willi\.cache\firebase\emulators\ui-v1.11.6\client\assets\index.b9383ce5.css
[debug] [2023-05-17T21:22:35.660Z] [unzip] Entry: client/assets/index.85584c3f.js.map (compressed_size=1778028 bytes, uncompressed_size=7960238 bytes)
[debug] [2023-05-17T21:22:35.660Z] [unzip] Processing entry: client\assets\index.85584c3f.js.map
[debug] [2023-05-17T21:22:35.660Z] [unzip] else mkdir: C:\Users\willi\.cache\firebase\emulators\ui-v1.11.6\client\assets
[debug] [2023-05-17T21:22:35.661Z] [unzip] deflating: C:\Users\willi\.cache\firebase\emulators\ui-v1.11.6\client\assets\index.85584c3f.js.map
[debug] [2023-05-17T21:22:35.692Z] [unzip] Entry: client/safari-pinned-tab.svg (compressed_size=838 bytes, uncompressed_size=1504 bytes)
[debug] [2023-05-17T21:22:35.692Z] [unzip] Processing entry: client\safari-pinned-tab.svg
[debug] [2023-05-17T21:22:35.692Z] [unzip] else mkdir: C:\Users\willi\.cache\firebase\emulators\ui-v1.11.6\client
[debug] [2023-05-17T21:22:35.693Z] [unzip] deflating: C:\Users\willi\.cache\firebase\emulators\ui-v1.11.6\client\safari-pinned-tab.svg
[debug] [2023-05-17T21:22:35.694Z] [unzip] Entry: client/mstile-150x150.png (compressed_size=5406 bytes, uncompressed_size=5723 bytes)
[debug] [2023-05-17T21:22:35.694Z] [unzip] Processing entry: client\mstile-150x150.png
[debug] [2023-05-17T21:22:35.694Z] [unzip] else mkdir: C:\Users\willi\.cache\firebase\emulators\ui-v1.11.6\client
[debug] [2023-05-17T21:22:35.694Z] [unzip] deflating: C:\Users\willi\.cache\firebase\emulators\ui-v1.11.6\client\mstile-150x150.png
[debug] [2023-05-17T21:22:35.696Z] [unzip] Entry: client/browserconfig.xml (compressed_size=491 bytes, uncompressed_size=822 bytes)
[debug] [2023-05-17T21:22:35.696Z] [unzip] Processing entry: client\browserconfig.xml
[debug] [2023-05-17T21:22:35.696Z] [unzip] else mkdir: C:\Users\willi\.cache\firebase\emulators\ui-v1.11.6\client
[debug] [2023-05-17T21:22:35.696Z] [unzip] deflating: C:\Users\willi\.cache\firebase\emulators\ui-v1.11.6\client\browserconfig.xml
[debug] [2023-05-17T21:22:35.697Z] [unzip] Entry: client/robots.txt (compressed_size=26 bytes, uncompressed_size=26 bytes)
[debug] [2023-05-17T21:22:35.697Z] [unzip] Processing entry: client\robots.txt
[debug] [2023-05-17T21:22:35.697Z] [unzip] else mkdir: C:\Users\willi\.cache\firebase\emulators\ui-v1.11.6\client
[debug] [2023-05-17T21:22:35.697Z] [unzip] Writing file: C:\Users\willi\.cache\firebase\emulators\ui-v1.11.6\client\robots.txt
[debug] [2023-05-17T21:22:35.698Z] [unzip] Entry: client/index.html (compressed_size=1363 bytes, uncompressed_size=3064 bytes)
[debug] [2023-05-17T21:22:35.698Z] [unzip] Processing entry: client\index.html
[debug] [2023-05-17T21:22:35.698Z] [unzip] else mkdir: C:\Users\willi\.cache\firebase\emulators\ui-v1.11.6\client
[debug] [2023-05-17T21:22:35.698Z] [unzip] deflating: C:\Users\willi\.cache\firebase\emulators\ui-v1.11.6\client\index.html
[debug] [2023-05-17T21:22:35.699Z] [unzip] Entry: client/favicon-16x16.png (compressed_size=757 bytes, uncompressed_size=777 bytes)
[debug] [2023-05-17T21:22:35.699Z] [unzip] Processing entry: client\favicon-16x16.png
[debug] [2023-05-17T21:22:35.699Z] [unzip] else mkdir: C:\Users\willi\.cache\firebase\emulators\ui-v1.11.6\client
[debug] [2023-05-17T21:22:35.700Z] [unzip] deflating: C:\Users\willi\.cache\firebase\emulators\ui-v1.11.6\client\favicon-16x16.png
[debug] [2023-05-17T21:22:35.700Z] [unzip] Entry: client/manifest.json (compressed_size=246 bytes, uncompressed_size=551 bytes)
[debug] [2023-05-17T21:22:35.700Z] [unzip] Processing entry: client\manifest.json
[debug] [2023-05-17T21:22:35.700Z] [unzip] else mkdir: C:\Users\willi\.cache\firebase\emulators\ui-v1.11.6\client
[debug] [2023-05-17T21:22:35.701Z] [unzip] deflating: C:\Users\willi\.cache\firebase\emulators\ui-v1.11.6\client\manifest.json
[debug] [2023-05-17T21:22:35.701Z] [unzip] Entry: client/favicon-32x32.png (compressed_size=1175 bytes, uncompressed_size=1175 bytes)
[debug] [2023-05-17T21:22:35.702Z] [unzip] Processing entry: client\favicon-32x32.png
[debug] [2023-05-17T21:22:35.702Z] [unzip] else mkdir: C:\Users\willi\.cache\firebase\emulators\ui-v1.11.6\client
[debug] [2023-05-17T21:22:35.702Z] [unzip] Writing file: C:\Users\willi\.cache\firebase\emulators\ui-v1.11.6\client\favicon-32x32.png
[debug] [2023-05-17T21:22:35.703Z] [unzip] Entry: client/android-chrome-192x192.png (compressed_size=7602 bytes, uncompressed_size=7834 bytes)
[debug] [2023-05-17T21:22:35.703Z] [unzip] Processing entry: client\android-chrome-192x192.png
[debug] [2023-05-17T21:22:35.703Z] [unzip] else mkdir: C:\Users\willi\.cache\firebase\emulators\ui-v1.11.6\client
[debug] [2023-05-17T21:22:35.703Z] [unzip] deflating: C:\Users\willi\.cache\firebase\emulators\ui-v1.11.6\client\android-chrome-192x192.png
[debug] [2023-05-17T21:22:35.704Z] [unzip] Entry: server/ (compressed_size=0 bytes, uncompressed_size=0 bytes)
[debug] [2023-05-17T21:22:35.704Z] [unzip] Processing entry: server\
[debug] [2023-05-17T21:22:35.704Z] [unzip] mkdir: C:\Users\willi\.cache\firebase\emulators\ui-v1.11.6\server\
[debug] [2023-05-17T21:22:35.704Z] [unzip] Entry: server/server.js (compressed_size=343746 bytes, uncompressed_size=1346374 bytes)
[debug] [2023-05-17T21:22:35.704Z] [unzip] Processing entry: server\server.js
[debug] [2023-05-17T21:22:35.704Z] [unzip] else mkdir: C:\Users\willi\.cache\firebase\emulators\ui-v1.11.6\server
[debug] [2023-05-17T21:22:35.704Z] [unzip] deflating: C:\Users\willi\.cache\firebase\emulators\ui-v1.11.6\server\server.js
[debug] [2023-05-17T21:22:35.711Z] [unzip] Entry: server/server.js.map (compressed_size=289157 bytes, uncompressed_size=1325651 bytes)
[debug] [2023-05-17T21:22:35.711Z] [unzip] Processing entry: server\server.js.map
[debug] [2023-05-17T21:22:35.711Z] [unzip] else mkdir: C:\Users\willi\.cache\firebase\emulators\ui-v1.11.6\server
[debug] [2023-05-17T21:22:35.711Z] [unzip] deflating: C:\Users\willi\.cache\firebase\emulators\ui-v1.11.6\server\server.js.map
[debug] [2023-05-17T21:22:35.717Z] Ignoring unsupported arg: auto_download {"metadata":{"emulator":{"name":"ui"},"message":"Ignoring unsupported arg: auto_download"}}
[debug] [2023-05-17T21:22:35.717Z] Ignoring unsupported arg: port {"metadata":{"emulator":{"name":"ui"},"message":"Ignoring unsupported arg: port"}}
[debug] [2023-05-17T21:22:35.717Z] Starting Emulator UI with command {"binary":"node","args":["C:\\Users\\willi\\.cache\\firebase\\emulators\\ui-v1.11.6\\server\\server.js"],"optionalArgs":[],"joinArgs":false} {"metadata":{"emulator":{"name":"ui"},"message":"Starting Emulator UI with command {\"binary\":\"node\",\"args\":[\"C:\\\\Users\\\\willi\\\\.cache\\\\firebase\\\\emulators\\\\ui-v1.11.6\\\\server\\\\server.js\"],\"optionalArgs\":[],\"joinArgs\":false}"}}
[info] i  ui: Emulator UI logging to ui-debug.log {"metadata":{"emulator":{"name":"ui"},"message":"Emulator UI logging to \u001b[1mui-debug.log\u001b[22m"}}
[debug] [2023-05-17T21:22:35.824Z] Web / API server started at 127.0.0.1:4000
 {"metadata":{"emulator":{"name":"ui"},"message":"Web / API server started at 127.0.0.1:4000\n"}}
[debug] [2023-05-17T21:22:35.824Z] Web / API server started at ::1:4000
 {"metadata":{"emulator":{"name":"ui"},"message":"Web / API server started at ::1:4000\n"}}
[debug] [2023-05-17T21:22:35.980Z] >>> [apiv2][query] PUT http://127.0.0.1:9000/.settings/rules.json ns=tarjetakuna-database-default-rtdb
[debug] [2023-05-17T21:22:35.980Z] >>> [apiv2][body] PUT http://127.0.0.1:9000/.settings/rules.json "{\n  \"rules\": {\n    \".read\": true,  \n    \".write\": true,  \n  }\n}"
[debug] [2023-05-17T21:22:36.353Z] <<< [apiv2][status] PUT http://127.0.0.1:9000/.settings/rules.json 200
[debug] [2023-05-17T21:22:36.353Z] <<< [apiv2][body] PUT http://127.0.0.1:9000/.settings/rules.json {"status":"ok"}
[info] 
┌─────────────────────────────────────────────────────────────┐
│ ✔  All emulators ready! It is now safe to connect your app. │
│ i  View Emulator UI at http://127.0.0.1:4000/               │
└─────────────────────────────────────────────────────────────┘

┌──────────┬────────────────┬────────────────────────────────┐
│ Emulator │ Host:Port      │ View in Emulator UI            │
├──────────┼────────────────┼────────────────────────────────┤
│ Database │ 127.0.0.1:9000 │ http://127.0.0.1:4000/database │
└──────────┴────────────────┴────────────────────────────────┘
  Emulator Hub running at 127.0.0.1:4400
  Other reserved ports: 4500

Issues? Report them at https://github.com/firebase/firebase-tools/issues and attach the *-debug.log files.
 
